d:\workspace\opengl\opengl_demo\opengl_demo\x64\debug\vc142.pdb
d:\workspace\opengl\opengl_demo\opengl_demo\x64\debug\vc142.idb
d:\workspace\opengl\opengl_demo\opengl_demo\x64\debug\test.obj
d:\workspace\opengl\opengl_demo\opengl_demo\x64\debug\demo.obj
d:\workspace\opengl\opengl_demo\opengl_demo\x64\debug\glad.obj
d:\workspace\opengl\opengl_demo\x64\debug\opengl_demo.exe
d:\workspace\opengl\opengl_demo\x64\debug\opengl_demo.ilk
d:\workspace\opengl\opengl_demo\x64\debug\opengl_demo.pdb
d:\workspace\opengl\opengl_demo\opengl_demo\x64\debug\opengl_demo.res
d:\workspace\opengl\opengl_demo\opengl_demo\x64\debug\opengl_demo.tlog\cl.command.1.tlog
d:\workspace\opengl\opengl_demo\opengl_demo\x64\debug\opengl_demo.tlog\cl.read.1.tlog
d:\workspace\opengl\opengl_demo\opengl_demo\x64\debug\opengl_demo.tlog\cl.write.1.tlog
d:\workspace\opengl\opengl_demo\opengl_demo\x64\debug\opengl_demo.tlog\fxc.command.1.tlog
d:\workspace\opengl\opengl_demo\opengl_demo\x64\debug\opengl_demo.tlog\fxc.read.1.tlog
d:\workspace\opengl\opengl_demo\opengl_demo\x64\debug\opengl_demo.tlog\link.command.1.tlog
d:\workspace\opengl\opengl_demo\opengl_demo\x64\debug\opengl_demo.tlog\link.read.1.tlog
d:\workspace\opengl\opengl_demo\opengl_demo\x64\debug\opengl_demo.tlog\link.write.1.tlog
d:\workspace\opengl\opengl_demo\opengl_demo\x64\debug\opengl_demo.tlog\rc.command.1.tlog
d:\workspace\opengl\opengl_demo\opengl_demo\x64\debug\opengl_demo.tlog\rc.read.1.tlog
d:\workspace\opengl\opengl_demo\opengl_demo\x64\debug\opengl_demo.tlog\rc.write.1.tlog
